"blank"			"=========================="
"blank"			"#Valve_Movement_Title"
"blank"			"=========================="
"+forward"				"#Valve_Move_Forward"
"+back"					"#Valve_Move_Back"
"+moveleft"				"#Valve_Move_Left"
"+moveright"			"#Valve_Move_Right"
"+jump"					"#Valve_Jump"
"+duck"					"#Homesource_Crawl"
"blank"			"=========================="
"blank"			"#Homesource_Abilities_Title"
"blank"			"=========================="
"+attack"				"#Homesource_Bash"
"+use"					"#Homesource_Pickup"
"+zoom"					"#Homesource_Zoom"
"blank"			"=========================="
"blank"			"#Valve_Miscellaneous_Title"
"blank"			"=========================="
"incrementvar closecaption 0 1 1"	"#Valve_CC_Toggle"
"jpeg"					"#Valve_Take_Screen_Shot"
"pause"					"#Valve_Pause_Game"
"quit"					"#Valve_Quit_Game"
"toggleconsole"			"#Valve_Console_Toggle"
"blank"			"=========================="
"blank"			"#Valve_Miscellaneous_Keyboard_Keys_Title"
"blank"			"=========================="
"+left"					"#Valve_Turn_Left"
"+right"				"#Valve_Turn_Right"
"+moveup"				"#Valve_Swim_Up"
"+movedown"				"#Valve_Swim_Down"
"+lookup"				"#Valve_Look_Up"
"+lookdown"				"#Valve_Look_Down"
"+strafe"				"#Valve_Strafe_Modifier"
"+klook"				"#Valve_Keyboard_Look_Modifier"

