"w"				"+forward"
"UPARROW"		"+forward"
"s"				"+back"
"DOWNARROW"		"+back"
"LEFTARROW"		"+left"
"RIGHTARROW"	"+right"
"a"				"+moveleft"
","				"+moveleft"
"d"				"+moveright"
"."				"+moveright"
"SPACE"			"+jump"
"CTRL"			"+duck"
"TAB"			"+showscores"
"e"				"+use"
"v"				"+moveup"
"'"				"+moveup"
"/"				"+movedown"
"PGUP"			"+lookup"
"PGDN"			"+lookdown"
"END"			"centerview"
"z"				"+strafe"
"INS"			"+klook"
";"				"+mlook"
"MOUSE1"		"+attack"
"ENTER"			"+attack"
"F5"			"jpeg"
"F9"			"vr_toggle"
"F10"			"quit prompt"
"PAUSE"			"pause"
"ESCAPE"		"escape"
"~"				"toggleconsole"
"`"				"toggleconsole"
"+"				"sizeup"
"="				"sizeup"
"-"				"sizedown"
"t"				"impulse 201"
"y"				"messagemode"
"u"				"messagemode2"
"z"				"+zoom"